[debug] [2022-12-19T04:49:00.532Z] ----------------------------------------------------------------------
[debug] [2022-12-19T04:49:00.534Z] Command:       /home/chris/.nvm/versions/node/v16.17.1/bin/node /home/chris/.nvm/versions/node/v16.17.1/bin/firebase init
[debug] [2022-12-19T04:49:00.534Z] CLI Version:   11.17.0
[debug] [2022-12-19T04:49:00.534Z] Platform:      linux
[debug] [2022-12-19T04:49:00.534Z] Node Version:  v16.17.1
[debug] [2022-12-19T04:49:00.535Z] Time:          Sun Dec 18 2022 23:49:00 GMT-0500 (Eastern Standard Time)
[debug] [2022-12-19T04:49:00.535Z] ----------------------------------------------------------------------
[debug] 
[debug] [2022-12-19T04:49:00.541Z] > command requires scopes: ["email","openid","https://www.googleapis.com/auth/cloudplatformprojects.readonly","https://www.googleapis.com/auth/firebase","https://www.googleapis.com/auth/cloud-platform"]
[debug] [2022-12-19T04:49:00.541Z] > authorizing via signed-in user (sirhclee@gmail.com)
[info] 
     ######## #### ########  ######## ########     ###     ######  ########
     ##        ##  ##     ## ##       ##     ##  ##   ##  ##       ##
     ######    ##  ########  ######   ########  #########  ######  ######
     ##        ##  ##    ##  ##       ##     ## ##     ##       ## ##
     ##       #### ##     ## ######## ########  ##     ##  ######  ########

You're about to initialize a Firebase project in this directory:

  /home/chris/phototag

[info] 
=== Project Setup
[info] 
[info] First, let's associate this project directory with a Firebase project.
[info] You can create multiple project aliases by running firebase use --add, 
[info] but for now we'll just set up a default project.
[info] 
[debug] [2022-12-19T04:49:16.425Z] > refreshing access token with scopes: []
[debug] [2022-12-19T04:49:16.428Z] >>> [apiv2][query] POST https://www.googleapis.com/oauth2/v3/token [none]
[debug] [2022-12-19T04:49:16.428Z] >>> [apiv2][body] POST https://www.googleapis.com/oauth2/v3/token [omitted]
[debug] [2022-12-19T04:49:16.639Z] <<< [apiv2][status] POST https://www.googleapis.com/oauth2/v3/token 200
[debug] [2022-12-19T04:49:16.639Z] <<< [apiv2][body] POST https://www.googleapis.com/oauth2/v3/token [omitted]
[debug] [2022-12-19T04:49:16.649Z] >>> [apiv2][query] GET https://firebase.googleapis.com/v1beta1/projects pageSize=100
[debug] [2022-12-19T04:49:17.010Z] <<< [apiv2][status] GET https://firebase.googleapis.com/v1beta1/projects 200
[debug] [2022-12-19T04:49:17.011Z] <<< [apiv2][body] GET https://firebase.googleapis.com/v1beta1/projects [omitted]
[info] i  Using project photofind-1c73c (photofind) 
[info] 
=== Functions Setup
[debug] [2022-12-19T04:49:19.557Z] > command requires scopes: ["email","openid","https://www.googleapis.com/auth/cloudplatformprojects.readonly","https://www.googleapis.com/auth/firebase","https://www.googleapis.com/auth/cloud-platform"]
[debug] [2022-12-19T04:49:19.557Z] > authorizing via signed-in user (sirhclee@gmail.com)
[debug] [2022-12-19T04:49:19.557Z] [iam] checking project photofind-1c73c for permissions ["firebase.projects.get"]
[debug] [2022-12-19T04:49:19.558Z] >>> [apiv2][query] POST https://cloudresourcemanager.googleapis.com/v1/projects/photofind-1c73c:testIamPermissions [none]
[debug] [2022-12-19T04:49:19.558Z] >>> [apiv2][(partial)header] POST https://cloudresourcemanager.googleapis.com/v1/projects/photofind-1c73c:testIamPermissions x-goog-quota-user=projects/photofind-1c73c
[debug] [2022-12-19T04:49:19.558Z] >>> [apiv2][body] POST https://cloudresourcemanager.googleapis.com/v1/projects/photofind-1c73c:testIamPermissions {"permissions":["firebase.projects.get"]}
[debug] [2022-12-19T04:49:19.788Z] <<< [apiv2][status] POST https://cloudresourcemanager.googleapis.com/v1/projects/photofind-1c73c:testIamPermissions 200
[debug] [2022-12-19T04:49:19.789Z] <<< [apiv2][body] POST https://cloudresourcemanager.googleapis.com/v1/projects/photofind-1c73c:testIamPermissions {"permissions":["firebase.projects.get"]}
[debug] [2022-12-19T04:49:19.789Z] >>> [apiv2][query] GET https://serviceusage.googleapis.com/v1/projects/photofind-1c73c/services/cloudfunctions.googleapis.com [none]
[debug] [2022-12-19T04:49:19.789Z] >>> [apiv2][(partial)header] GET https://serviceusage.googleapis.com/v1/projects/photofind-1c73c/services/cloudfunctions.googleapis.com x-goog-quota-user=projects/photofind-1c73c
[debug] [2022-12-19T04:49:19.790Z] >>> [apiv2][query] GET https://serviceusage.googleapis.com/v1/projects/photofind-1c73c/services/runtimeconfig.googleapis.com [none]
[debug] [2022-12-19T04:49:19.791Z] >>> [apiv2][(partial)header] GET https://serviceusage.googleapis.com/v1/projects/photofind-1c73c/services/runtimeconfig.googleapis.com x-goog-quota-user=projects/photofind-1c73c
[debug] [2022-12-19T04:49:20.214Z] <<< [apiv2][status] GET https://serviceusage.googleapis.com/v1/projects/photofind-1c73c/services/runtimeconfig.googleapis.com 200
[debug] [2022-12-19T04:49:20.214Z] <<< [apiv2][body] GET https://serviceusage.googleapis.com/v1/projects/photofind-1c73c/services/runtimeconfig.googleapis.com [omitted]
[debug] [2022-12-19T04:49:20.220Z] <<< [apiv2][status] GET https://serviceusage.googleapis.com/v1/projects/photofind-1c73c/services/cloudfunctions.googleapis.com 200
[debug] [2022-12-19T04:49:20.220Z] <<< [apiv2][body] GET https://serviceusage.googleapis.com/v1/projects/photofind-1c73c/services/cloudfunctions.googleapis.com [omitted]
[debug] [2022-12-19T04:49:20.223Z] >>> [apiv2][query] POST https://serviceusage.googleapis.com/v1/projects/photofind-1c73c/services/cloudfunctions.googleapis.com:enable [none]
[debug] [2022-12-19T04:49:20.223Z] >>> [apiv2][(partial)header] POST https://serviceusage.googleapis.com/v1/projects/photofind-1c73c/services/cloudfunctions.googleapis.com:enable x-goog-quota-user=projects/photofind-1c73c
[debug] [2022-12-19T04:49:21.383Z] <<< [apiv2][status] POST https://serviceusage.googleapis.com/v1/projects/photofind-1c73c/services/cloudfunctions.googleapis.com:enable 200
[debug] [2022-12-19T04:49:21.384Z] <<< [apiv2][body] POST https://serviceusage.googleapis.com/v1/projects/photofind-1c73c/services/cloudfunctions.googleapis.com:enable [omitted]
[debug] [2022-12-19T04:49:31.391Z] >>> [apiv2][query] GET https://serviceusage.googleapis.com/v1/projects/photofind-1c73c/services/cloudfunctions.googleapis.com [none]
[debug] [2022-12-19T04:49:31.392Z] >>> [apiv2][(partial)header] GET https://serviceusage.googleapis.com/v1/projects/photofind-1c73c/services/cloudfunctions.googleapis.com x-goog-quota-user=projects/photofind-1c73c
[debug] [2022-12-19T04:49:31.780Z] <<< [apiv2][status] GET https://serviceusage.googleapis.com/v1/projects/photofind-1c73c/services/cloudfunctions.googleapis.com 200
[debug] [2022-12-19T04:49:31.780Z] <<< [apiv2][body] GET https://serviceusage.googleapis.com/v1/projects/photofind-1c73c/services/cloudfunctions.googleapis.com [omitted]
[info] Let's create a new codebase for your functions.
[info] A directory corresponding to the codebase will be created in your project
[info] with sample code pre-configured.

[info] See https://firebase.google.com/docs/functions/organize-functions for
[info] more information on organizing your functions using codebases.

[info] Functions can be deployed with firebase deploy.

[info] ✔  Wrote functions/package.json 
[info] ✔  Wrote functions/.eslintrc.js 
[info] ✔  Wrote functions/index.js 
[info] ✔  Wrote functions/.gitignore 
[info] 
[error] NPM install failed, continuing with Firebase initialization...
[info] 
[info] i  Writing configuration info to firebase.json... 
[debug] [2022-12-19T04:49:56.133Z] Error: ENOSPC: no space left on device, write
    at Object.writeSync (node:fs:924:3)
    at Object.writeFileSync (node:fs:2213:26)
    at Config.writeProjectFile (/home/chris/.nvm/versions/node/v16.17.1/lib/node_modules/firebase-tools/lib/config.js:153:12)
    at /home/chris/.nvm/versions/node/v16.17.1/lib/node_modules/firebase-tools/lib/commands/init.js:170:16
    at processTicksAndRejections (node:internal/process/task_queues:96:5)
[error] 
[error] Error: An unexpected error has occurred.
[debug] [2022-12-19T04:49:56.388Z] Error: ENOSPC: no space left on device, write
 